Determining if the pthread_create exist failed with the following output:
Change Dir: /home/chouer/workspace/rospace/elfin_robot/build/CMakeFiles/CMakeTmp

Run Build Command:"/usr/bin/make" "cmTC_5f057/fast"
/usr/bin/make -f CMakeFiles/cmTC_5f057.dir/build.make CMakeFiles/cmTC_5f057.dir/build
make[1]: Entering directory '/home/chouer/workspace/rospace/elfin_robot/build/CMakeFiles/CMakeTmp'
Building C object CMakeFiles/cmTC_5f057.dir/CheckSymbolExists.c.o
/usr/bin/cc     -o CMakeFiles/cmTC_5f057.dir/CheckSymbolExists.c.o   -c /home/chouer/workspace/rospace/elfin_robot/build/CMakeFiles/CMakeTmp/CheckSymbolExists.c
Linking C executable cmTC_5f057
/usr/bin/cmake -E cmake_link_script CMakeFiles/cmTC_5f057.dir/link.txt --verbose=1
/usr/bin/cc       CMakeFiles/cmTC_5f057.dir/CheckSymbolExists.c.o  -o cmTC_5f057 -rdynamic 
CMakeFiles/cmTC_5f057.dir/CheckSymbolExists.c.o: In function `main':
CheckSymbolExists.c:(.text+0x16): undefined reference to `pthread_create'
collect2: error: ld returned 1 exit status
CMakeFiles/cmTC_5f057.dir/build.make:97: recipe for target 'cmTC_5f057' failed
make[1]: *** [cmTC_5f057] Error 1
make[1]: Leaving directory '/home/chouer/workspace/rospace/elfin_robot/build/CMakeFiles/CMakeTmp'
Makefile:126: recipe for target 'cmTC_5f057/fast' failed
make: *** [cmTC_5f057/fast] Error 2

File /home/chouer/workspace/rospace/elfin_robot/build/CMakeFiles/CMakeTmp/CheckSymbolExists.c:
/* */
#include <pthread.h>

int main(int argc, char** argv)
{
  (void)argv;
#ifndef pthread_create
  return ((int*)(&pthread_create))[argc];
#else
  (void)argc;
  return 0;
#endif
}

Determining if the function pthread_create exists in the pthreads failed with the following output:
Change Dir: /home/chouer/workspace/rospace/elfin_robot/build/CMakeFiles/CMakeTmp

Run Build Command:"/usr/bin/make" "cmTC_13733/fast"
/usr/bin/make -f CMakeFiles/cmTC_13733.dir/build.make CMakeFiles/cmTC_13733.dir/build
make[1]: Entering directory '/home/chouer/workspace/rospace/elfin_robot/build/CMakeFiles/CMakeTmp'
Building C object CMakeFiles/cmTC_13733.dir/CheckFunctionExists.c.o
/usr/bin/cc    -DCHECK_FUNCTION_EXISTS=pthread_create   -o CMakeFiles/cmTC_13733.dir/CheckFunctionExists.c.o   -c /usr/share/cmake-3.5/Modules/CheckFunctionExists.c
Linking C executable cmTC_13733
/usr/bin/cmake -E cmake_link_script CMakeFiles/cmTC_13733.dir/link.txt --verbose=1
/usr/bin/cc   -DCHECK_FUNCTION_EXISTS=pthread_create    CMakeFiles/cmTC_13733.dir/CheckFunctionExists.c.o  -o cmTC_13733 -rdynamic -lpthreads 
/usr/bin/ld: cannot find -lpthreads
collect2: error: ld returned 1 exit status
CMakeFiles/cmTC_13733.dir/build.make:97: recipe for target 'cmTC_13733' failed
make[1]: *** [cmTC_13733] Error 1
make[1]: Leaving directory '/home/chouer/workspace/rospace/elfin_robot/build/CMakeFiles/CMakeTmp'
Makefile:126: recipe for target 'cmTC_13733/fast' failed
make: *** [cmTC_13733/fast] Error 2


